----------------------------------------------------------------
Sun Aug 30 06:48:56 IST 2020:
Booting Derby version The Apache Software Foundation - Apache Derby - 10.14.2.0 - (1828579): instance a816c00e-0174-3cf2-2435-000003513d70 
on database directory memory:/home/prakhar/Desktop/assignment/backend/testdb with class loader sun.misc.Launcher$AppClassLoader@18b4aac2 
Loaded from file:/home/prakhar/.m2/repository/org/apache/derby/derby/10.14.2.0/derby-10.14.2.0.jar
java.vendor=Private Build
java.runtime.version=1.8.0_252-8u252-b09-1~18.04-b09
user.dir=/home/prakhar/Desktop/assignment/backend
os.name=Linux
os.arch=amd64
os.version=4.15.0-109-generic
derby.system.home=null
Database Class Loader started - derby.database.classpath=''
----------------------------------------------------------------
Sun Aug 30 06:55:34 IST 2020:
Shutting down instance a816c00e-0174-3cf2-2435-000003513d70 on database directory memory:/home/prakhar/Desktop/assignment/backend/testdb with class loader sun.misc.Launcher$AppClassLoader@18b4aac2 
----------------------------------------------------------------
Sun Aug 30 06:55:36 IST 2020:
Booting Derby version The Apache Software Foundation - Apache Derby - 10.14.2.0 - (1828579): instance c38ac0ee-0174-3cf2-2435-000003513d70 
on database directory memory:/home/prakhar/Desktop/assignment/backend/testdb with class loader sun.misc.Launcher$AppClassLoader@18b4aac2 
Loaded from file:/home/prakhar/.m2/repository/org/apache/derby/derby/10.14.2.0/derby-10.14.2.0.jar
java.vendor=Private Build
java.runtime.version=1.8.0_252-8u252-b09-1~18.04-b09
user.dir=/home/prakhar/Desktop/assignment/backend
os.name=Linux
os.arch=amd64
os.version=4.15.0-109-generic
derby.system.home=null
Database Class Loader started - derby.database.classpath=''
----------------------------------------------------------------
Sun Aug 30 06:58:22 IST 2020:
Shutting down instance c38ac0ee-0174-3cf2-2435-000003513d70 on database directory memory:/home/prakhar/Desktop/assignment/backend/testdb with class loader sun.misc.Launcher$AppClassLoader@18b4aac2 
----------------------------------------------------------------
Sun Aug 30 06:58:23 IST 2020:
Booting Derby version The Apache Software Foundation - Apache Derby - 10.14.2.0 - (1828579): instance 372941a7-0174-3cf2-2435-000003513d70 
on database directory memory:/home/prakhar/Desktop/assignment/backend/testdb with class loader sun.misc.Launcher$AppClassLoader@18b4aac2 
Loaded from file:/home/prakhar/.m2/repository/org/apache/derby/derby/10.14.2.0/derby-10.14.2.0.jar
java.vendor=Private Build
java.runtime.version=1.8.0_252-8u252-b09-1~18.04-b09
user.dir=/home/prakhar/Desktop/assignment/backend
os.name=Linux
os.arch=amd64
os.version=4.15.0-109-generic
derby.system.home=null
Database Class Loader started - derby.database.classpath=''
----------------------------------------------------------------
Sun Aug 30 06:59:59 IST 2020:
Shutting down instance 372941a7-0174-3cf2-2435-000003513d70 on database directory memory:/home/prakhar/Desktop/assignment/backend/testdb with class loader sun.misc.Launcher$AppClassLoader@18b4aac2 
